<?xml version="1.0" encoding="UTF-8"?>
<!-- Generated by org.testng.reporters.JUnitReportReporter -->
<testsuite hostname="F1-E8" failures="0" tests="3" name="TestCases" time="0.004" errors="0" timestamp="2024-04-10T09:07:29 CEST" skipped="0">
  <testcase classname="TestCases" name="setup" time="0.004"/>
  <system-out/>
  <testcase classname="TestCases" name="testSteps" time="0.000"/>
  <system-out/>
  <testcase classname="TestCases" name="tearDown" time="0.000"/>
  <system-out/>
</testsuite> <!-- TestCases -->
